<?xml version="1.0" encoding="UTF-8"?>
<!-- Generated by org.testng.reporters.JUnitXMLReporter -->
<testsuite ignored="0" hostname="DELLVOSTRO" failures="0" tests="8" name="Default test" time="59.097" errors="0" timestamp="2020-12-18T09:44:43 ICT">
  <testcase classname="Integration.Dashboard" name="A_dashboard_profile" time="2.164"/>
  <testcase classname="Integration.Dashboard" name="A_profile_dashboard" time="3.42"/>
  <testcase classname="Integration.Dashboard" name="B_dashboard_grades" time="2.689"/>
  <testcase classname="Integration.Dashboard" name="B_grades_dashboard" time="2.69"/>
  <testcase classname="Integration.Dashboard" name="C_dashboard_messages" time="2.68"/>
  <testcase classname="Integration.Dashboard" name="C_messages_dashboard" time="3.339"/>
  <testcase classname="Integration.Dashboard" name="D_dashboard_preferences" time="2.157"/>
  <testcase classname="Integration.Dashboard" name="D_messages_dashboard" time="3.883"/>
</testsuite> <!-- Default test -->
