<?xml version="1.0" encoding="UTF-8"?>
<testng-results ignored="0" total="1" passed="1" failed="0" skipped="0">
  <reporter-output>
  </reporter-output>
  <suite started-at="2021-01-23T12:37:00 ICT" name="Default suite" finished-at="2021-01-23T12:37:30 ICT" duration-ms="30001">
    <groups>
    </groups>
    <test started-at="2021-01-23T12:37:00 ICT" name="Default test" finished-at="2021-01-23T12:37:30 ICT" duration-ms="30001">
      <class name="package1.UploadDownload">
        <test-method is-config="true" signature="init()[pri:0, instance:package1.UploadDownload@29647f75]" started-at="2021-01-23T12:37:00 ICT" name="init" finished-at="2021-01-23T12:37:11 ICT" duration-ms="10703" status="PASS">
          <reporter-output>
          </reporter-output>
        </test-method> <!-- init -->
        <test-method is-config="true" signature="login()[pri:0, instance:package1.UploadDownload@29647f75]" started-at="2021-01-23T12:37:11 ICT" name="login" finished-at="2021-01-23T12:37:21 ICT" duration-ms="9752" status="PASS">
          <reporter-output>
          </reporter-output>
        </test-method> <!-- login -->
        <test-method signature="uploadfile()[pri:0, instance:package1.UploadDownload@29647f75]" started-at="2021-01-23T12:37:21 ICT" name="uploadfile" finished-at="2021-01-23T12:37:30 ICT" duration-ms="9402" status="PASS">
          <reporter-output>
          </reporter-output>
        </test-method> <!-- uploadfile -->
      </class> <!-- package1.UploadDownload -->
    </test> <!-- Default test -->
  </suite> <!-- Default suite -->
</testng-results>
